\BOOKMARK [0][-]{chapter*.1}{\376\377\144\130\000\040\000\040\211\201}{}% 1
\BOOKMARK [0][-]{chapter*.2}{\376\377\000\101\000\142\000\163\000\164\000\162\000\141\000\143\000\164}{}% 2
\BOOKMARK [0][-]{chapter*.3}{\376\377\166\356\000\040\000\040\137\125}{}% 3
\BOOKMARK [0][-]{chapter.1}{\376\377\173\054\116\000\172\340\000\040\000\040\176\352\213\272}{}% 4
\BOOKMARK [1][-]{section.1.1}{\376\377\000\061\000\056\000\061\000\040\137\025\212\000}{chapter.1}% 5
\BOOKMARK [1][-]{section.1.2}{\376\377\000\061\000\056\000\062\000\040\126\375\121\205\131\026\135\341\131\051\230\171\166\356\116\313\176\315}{chapter.1}% 6
\BOOKMARK [2][-]{subsection.1.2.1}{\376\377\000\061\000\056\000\062\000\056\000\061\000\040\121\111\133\146\123\312\176\242\131\026\135\341\131\051\230\171\166\356}{section.1.2}% 7
\BOOKMARK [2][-]{subsection.1.2.2}{\376\377\000\061\000\056\000\062\000\056\000\062\000\040\134\004\165\065\135\341\131\051\230\171\166\356}{section.1.2}% 8
\BOOKMARK [2][-]{subsection.1.2.3}{\376\377\000\061\000\056\000\062\000\056\000\063\000\040\121\166\116\326\154\342\153\265\135\341\131\051\230\171\166\356}{section.1.2}% 9
\BOOKMARK [2][-]{subsection.1.2.4}{\376\377\000\061\000\056\000\062\000\056\000\064\000\040\126\375\121\205\135\341\131\051\230\171\166\356}{section.1.2}% 10
\BOOKMARK [2][-]{subsection.1.2.5}{\376\377\000\061\000\056\000\062\000\056\000\065\000\040\000\114\000\101\000\115\000\117\000\123\000\124\135\341\131\051}{section.1.2}% 11
\BOOKMARK [1][-]{section.1.3}{\376\377\000\061\000\056\000\063\000\040\145\160\143\156\143\026\143\230\127\050\131\051\145\207\116\055\166\204\136\224\165\050}{chapter.1}% 12
\BOOKMARK [2][-]{subsection.1.3.1}{\376\377\000\061\000\056\000\063\000\056\000\061\000\040\000\040\122\006\174\173}{section.1.3}% 13
\BOOKMARK [2][-]{subsection.1.3.2}{\376\377\000\061\000\056\000\063\000\056\000\062\000\040\000\040\126\336\137\122\122\006\147\220}{section.1.3}% 14
\BOOKMARK [2][-]{subsection.1.3.3}{\376\377\000\061\000\056\000\063\000\056\000\063\000\040\000\040\200\132\174\173}{section.1.3}% 15
\BOOKMARK [2][-]{subsection.1.3.4}{\376\377\000\061\000\056\000\063\000\056\000\064\000\040\000\040\121\163\200\124\211\304\122\031}{section.1.3}% 16
\BOOKMARK [2][-]{subsection.1.3.5}{\376\377\000\061\000\056\000\063\000\056\000\065\000\040\171\273\177\244\145\160\143\156\143\026\143\230}{section.1.3}% 17
\BOOKMARK [2][-]{subsection.1.3.6}{\376\377\000\061\000\056\000\063\000\056\000\066\000\040\000\040\162\171\137\201\220\011\123\326\116\016\217\154\123\330}{section.1.3}% 18
\BOOKMARK [1][-]{section.1.4}{\376\377\000\061\000\056\000\064\000\040\147\054\145\207\170\024\172\166\200\314\146\157}{chapter.1}% 19
\BOOKMARK [1][-]{section.1.5}{\376\377\000\061\000\056\000\065\000\040\147\054\145\207\166\204\135\345\117\134\116\313\176\315\124\214\173\307\172\340\133\211\143\222}{chapter.1}% 20
\BOOKMARK [0][-]{chapter*.6}{\376\377\123\302\200\003\145\207\163\056}{}% 21
\BOOKMARK [0][-]{chapter*.7}{\376\377\123\321\210\150\145\207\172\340\166\356\137\125}{}% 22
\BOOKMARK [0][-]{chapter*.8}{\376\377\173\200\000\040\000\040\123\206}{}% 23
\BOOKMARK [0][-]{chapter*.9}{\376\377\201\364\000\040\000\040\214\042}{}% 24
